Using pre-set license
Built from '2022.3/staging' branch; Version is '2022.3.10f1 (ff3792e53c62) revision 16725906'; Using compiler version '192829333'; Build Type 'Release'
OS: 'Windows 10  (10.0.19045) 64bit Core' Language: 'pt' Physical Memory: 16330 MB
BatchMode: 1, IsHumanControllingUs: 0, StartBugReporterOnCrash: 0, Is64bit: 1, IsPro: 1

COMMAND LINE ARGUMENTS:
C:\Program Files\Unity 2022.3.10f1\Editor\Unity.exe
-adb2
-batchMode
-noUpm
-name
AssetImportWorker2
-projectPath
C:/Users/l-0-l/Documents/GitHub/Games-Unity/3Person
-logFile
Logs/AssetImportWorker2.log
-srvPort
54982
Successfully changed project path to: C:/Users/l-0-l/Documents/GitHub/Games-Unity/3Person
C:/Users/l-0-l/Documents/GitHub/Games-Unity/3Person
[UnityMemory] Configuration Parameters - Can be set up in boot.config
    "memorysetup-bucket-allocator-granularity=16"
    "memorysetup-bucket-allocator-bucket-count=8"
    "memorysetup-bucket-allocator-block-size=33554432"
    "memorysetup-bucket-allocator-block-count=8"
    "memorysetup-main-allocator-block-size=16777216"
    "memorysetup-thread-allocator-block-size=16777216"
    "memorysetup-gfx-main-allocator-block-size=16777216"
    "memorysetup-gfx-thread-allocator-block-size=16777216"
    "memorysetup-cache-allocator-block-size=4194304"
    "memorysetup-typetree-allocator-block-size=2097152"
    "memorysetup-profiler-bucket-allocator-granularity=16"
    "memorysetup-profiler-bucket-allocator-bucket-count=8"
    "memorysetup-profiler-bucket-allocator-block-size=33554432"
    "memorysetup-profiler-bucket-allocator-block-count=8"
    "memorysetup-profiler-allocator-block-size=16777216"
    "memorysetup-profiler-editor-allocator-block-size=1048576"
    "memorysetup-temp-allocator-size-main=16777216"
    "memorysetup-job-temp-allocator-block-size=2097152"
    "memorysetup-job-temp-allocator-block-size-background=1048576"
    "memorysetup-job-temp-allocator-reduction-small-platforms=262144"
    "memorysetup-allocator-temp-initial-block-size-main=262144"
    "memorysetup-allocator-temp-initial-block-size-worker=262144"
    "memorysetup-temp-allocator-size-background-worker=32768"
    "memorysetup-temp-allocator-size-job-worker=262144"
    "memorysetup-temp-allocator-size-preload-manager=33554432"
    "memorysetup-temp-allocator-size-nav-mesh-worker=65536"
    "memorysetup-temp-allocator-size-audio-worker=65536"
    "memorysetup-temp-allocator-size-cloud-worker=32768"
    "memorysetup-temp-allocator-size-gi-baking-worker=262144"
    "memorysetup-temp-allocator-size-gfx=262144"
Player connection [13516] Host "[IP] 192.168.0.103 [Port] 0 [Flags] 2 [Guid] 578031421 [EditorId] 578031421 [Version] 1048832 [Id] WindowsEditor(7,DESKTOP-LLJV8VC) [Debug] 1 [PackageName] WindowsEditor [ProjectName] Editor" joined multi-casting on [225.0.0.222:54997]...

Player connection [13516] Host "[IP] 192.168.0.103 [Port] 0 [Flags] 2 [Guid] 578031421 [EditorId] 578031421 [Version] 1048832 [Id] WindowsEditor(7,DESKTOP-LLJV8VC) [Debug] 1 [PackageName] WindowsEditor [ProjectName] Editor" joined alternative multi-casting on [225.0.0.222:34997]...

[Physics::Module] Initialized MultithreadedJobDispatcher with 11 workers.
Refreshing native plugins compatible for Editor in 8.48 ms, found 3 plugins.
Preloading 0 native plugins for Editor in 0.00 ms.
Initialize engine version: 2022.3.10f1 (ff3792e53c62)
[Subsystems] Discovering subsystems at path C:/Program Files/Unity 2022.3.10f1/Editor/Data/Resources/UnitySubsystems
[Subsystems] Discovering subsystems at path C:/Users/l-0-l/Documents/GitHub/Games-Unity/3Person/Assets
GfxDevice: creating device client; threaded=0; jobified=0
Direct3D:
    Version:  Direct3D 11.0 [level 11.1]
    Renderer: Radeon(TM) RX 460 Graphics (ID=0x67ef)
    Vendor:   ATI
    VRAM:     4074 MB
    Driver:   31.0.12027.9001
Initialize mono
Mono path[0] = 'C:/Program Files/Unity 2022.3.10f1/Editor/Data/Managed'
Mono path[1] = 'C:/Program Files/Unity 2022.3.10f1/Editor/Data/MonoBleedingEdge/lib/mono/unityjit-win32'
Mono config path = 'C:/Program Files/Unity 2022.3.10f1/Editor/Data/MonoBleedingEdge/etc'
Using monoOptions --debugger-agent=transport=dt_socket,embedding=1,server=y,suspend=n,address=127.0.0.1:56668
Begin MonoManager ReloadAssembly
Registering precompiled unity dll's ...
Register platform support module: C:/Program Files/Unity 2022.3.10f1/Editor/Data/PlaybackEngines/WindowsStandaloneSupport/UnityEditor.WindowsStandalone.Extensions.dll
Registered in 0.005225 seconds.
- Loaded All Assemblies, in  0.261 seconds
Native extension for WindowsStandalone target not found
Mono: successfully reloaded assembly
- Finished resetting the current domain, in  0.200 seconds
Domain Reload Profiling: 459ms
	BeginReloadAssembly (82ms)
		ExecutionOrderSort (0ms)
		DisableScriptedObjects (0ms)
		BackupInstance (0ms)
		ReleaseScriptingObjects (0ms)
		CreateAndSetChildDomain (1ms)
	RebuildCommonClasses (26ms)
	RebuildNativeTypeToScriptingClass (8ms)
	initialDomainReloadingComplete (45ms)
	LoadAllAssembliesAndSetupDomain (98ms)
		LoadAssemblies (81ms)
		RebuildTransferFunctionScriptingTraits (0ms)
		AnalyzeDomain (97ms)
			TypeCache.Refresh (96ms)
				TypeCache.ScanAssembly (86ms)
			ScanForSourceGeneratedMonoScriptInfo (0ms)
			ResolveRequiredComponents (0ms)
	FinalizeReload (200ms)
		ReleaseScriptCaches (0ms)
		RebuildScriptCaches (0ms)
		SetupLoadedEditorAssemblies (156ms)
			LogAssemblyErrors (0ms)
			InitializePlatformSupportModulesInManaged (7ms)
			SetLoadedEditorAssemblies (6ms)
			RefreshPlugins (0ms)
			BeforeProcessingInitializeOnLoad (2ms)
			ProcessInitializeOnLoadAttributes (104ms)
			ProcessInitializeOnLoadMethodAttributes (37ms)
			AfterProcessingInitializeOnLoad (0ms)
			EditorAssembliesLoaded (0ms)
		ExecutionOrderSort2 (0ms)
		AwakeInstancesAfterBackupRestoration (0ms)
========================================================================
Worker process is ready to serve import requests
Begin MonoManager ReloadAssembly
- Loaded All Assemblies, in  0.464 seconds
Refreshing native plugins compatible for Editor in 2.73 ms, found 3 plugins.
Native extension for WindowsStandalone target not found
Package Manager log level set to [2]
[Package Manager] Server::EnsureServerProcessIsRunning -- launch failed, reason: Unity was launched with the -noUpm command-line argument
[Package Manager] UpmClient::Send -- Unable to send message (not connected to UPM process).
[Package Manager] Cannot connect to Unity Package Manager local server
Mono: successfully reloaded assembly
- Finished resetting the current domain, in  0.411 seconds
Domain Reload Profiling: 873ms
	BeginReloadAssembly (116ms)
		ExecutionOrderSort (0ms)
		DisableScriptedObjects (4ms)
		BackupInstance (0ms)
		ReleaseScriptingObjects (0ms)
		CreateAndSetChildDomain (17ms)
	RebuildCommonClasses (26ms)
	RebuildNativeTypeToScriptingClass (8ms)
	initialDomainReloadingComplete (33ms)
	LoadAllAssembliesAndSetupDomain (279ms)
		LoadAssemblies (224ms)
		RebuildTransferFunctionScriptingTraits (0ms)
		AnalyzeDomain (122ms)
			TypeCache.Refresh (109ms)
				TypeCache.ScanAssembly (99ms)
			ScanForSourceGeneratedMonoScriptInfo (10ms)
			ResolveRequiredComponents (3ms)
	FinalizeReload (411ms)
		ReleaseScriptCaches (0ms)
		RebuildScriptCaches (0ms)
		SetupLoadedEditorAssemblies (302ms)
			LogAssemblyErrors (0ms)
			InitializePlatformSupportModulesInManaged (5ms)
			SetLoadedEditorAssemblies (2ms)
			RefreshPlugins (0ms)
			BeforeProcessingInitializeOnLoad (47ms)
			ProcessInitializeOnLoadAttributes (227ms)
			ProcessInitializeOnLoadMethodAttributes (14ms)
			AfterProcessingInitializeOnLoad (6ms)
			EditorAssembliesLoaded (0ms)
		ExecutionOrderSort2 (0ms)
		AwakeInstancesAfterBackupRestoration (5ms)
Launched and connected shader compiler UnityShaderCompiler.exe after 0.03 seconds
Refreshing native plugins compatible for Editor in 2.79 ms, found 3 plugins.
Preloading 0 native plugins for Editor in 0.00 ms.
Unloading 3069 Unused Serialized files (Serialized files now loaded: 0)
Unloading 31 unused Assets / (56.3 KB). Loaded Objects now: 3531.
Memory consumption went from 114.2 MB to 114.1 MB.
Total: 2.575200 ms (FindLiveObjects: 0.193200 ms CreateObjectMapping: 0.119100 ms MarkObjects: 2.170800 ms  DeleteObjects: 0.091400 ms)

AssetImportParameters requested are different than current active one (requested -> active):
  custom:container-demuxer-ogg: 62fdf1f143b41e24485cea50d1cbac27 -> 
  custom:video-decoder-ogg-theora: a1e56fd34408186e4bbccfd4996cb3dc -> 
  custom:framework-win-MediaFoundation: 216162199b28c13a410421893ffa2e32 -> 
  custom:CustomObjectIndexerAttribute: 756ad292c208cfabdd7b50bc23989ffe -> 
  custom:container-demuxer-webm: 4f35f7cbe854078d1ac9338744f61a02 -> 
  custom:container-muxer-webm: aa71ff27fc2769a1b78a27578f13a17b -> 
  custom:video-decoder-webm-vp8: 9c59270c3fd7afecdb556c50c9e8de78 -> 
  custom:SearchIndexIgnoredProperties: e643bd26f0fe6173181afceb89e7c659 -> 
  custom:AudioImporter_EditorPlatform: d09bf68614088b80899f8185d706f6e7 -> 
  custom:video-encoder-webm-vp8: eb34c28f22e8b96e1ab97ce403110664 -> 
  custom:audio-decoder-ogg-vorbis: bf7c407c2cedff20999df2af8eb42d56 -> 
  custom:audio-encoder-webm-vorbis: bf7c407c2cedff20999df2af8eb42d56 -> 
========================================================================
Received Import Request.
  Time since last request: 20592.802571 seconds.
  path: Assets/Sprites/Crosshairs/crosshair029.png
  artifactKey: Guid(aebd0580692dda34d872e0aec86f7880) Importer(815301076,1909f56bfc062723c751e8b465ee728b)
Start importing Assets/Sprites/Crosshairs/crosshair029.png using Guid(aebd0580692dda34d872e0aec86f7880) Importer(815301076,1909f56bfc062723c751e8b465ee728b)  -> (artifact id: '6bdf238cd2cd7c5e7db3154741551832') in 0.091908 seconds
Number of updated asset objects reloaded before import = 0
Number of asset objects unloaded after import = 3
========================================================================
Received Import Request.
  Time since last request: 0.000016 seconds.
  path: Assets/Sprites/Crosshairs/crosshair039.png
  artifactKey: Guid(7192baf60c3792c4e975ac55a83e365f) Importer(815301076,1909f56bfc062723c751e8b465ee728b)
Start importing Assets/Sprites/Crosshairs/crosshair039.png using Guid(7192baf60c3792c4e975ac55a83e365f) Importer(815301076,1909f56bfc062723c751e8b465ee728b)  -> (artifact id: '5c261da223f89ed9119261035d88bb07') in 0.013368 seconds
Number of updated asset objects reloaded before import = 0
Number of asset objects unloaded after import = 3
========================================================================
Received Import Request.
  Time since last request: 0.000018 seconds.
  path: Assets/Sprites/Crosshairs/crosshair043.png
  artifactKey: Guid(2ae18eedb5f5ba842b8b318d727f7c09) Importer(815301076,1909f56bfc062723c751e8b465ee728b)
Start importing Assets/Sprites/Crosshairs/crosshair043.png using Guid(2ae18eedb5f5ba842b8b318d727f7c09) Importer(815301076,1909f56bfc062723c751e8b465ee728b)  -> (artifact id: '15ef289c8a57ce93a3c94d06517890b3') in 0.014104 seconds
Number of updated asset objects reloaded before import = 0
Number of asset objects unloaded after import = 3
========================================================================
Received Import Request.
  Time since last request: 0.000020 seconds.
  path: Assets/Sprites/Crosshairs/crosshair035.png
  artifactKey: Guid(b3cdb667c7616d640a004df65ebd035c) Importer(815301076,1909f56bfc062723c751e8b465ee728b)
Start importing Assets/Sprites/Crosshairs/crosshair035.png using Guid(b3cdb667c7616d640a004df65ebd035c) Importer(815301076,1909f56bfc062723c751e8b465ee728b)  -> (artifact id: '6ec706cd8bf5b26aa1862ea64f71bfab') in 0.014114 seconds
Number of updated asset objects reloaded before import = 0
Number of asset objects unloaded after import = 3
========================================================================
Received Import Request.
  Time since last request: 0.000015 seconds.
  path: Assets/Sprites/Crosshairs/crosshair060.png
  artifactKey: Guid(41b0abe7d4da7c845978cb81544d4a30) Importer(815301076,1909f56bfc062723c751e8b465ee728b)
Start importing Assets/Sprites/Crosshairs/crosshair060.png using Guid(41b0abe7d4da7c845978cb81544d4a30) Importer(815301076,1909f56bfc062723c751e8b465ee728b)  -> (artifact id: '48be7d5728280ec0558129c4f9e1bdd7') in 0.013919 seconds
Number of updated asset objects reloaded before import = 0
Number of asset objects unloaded after import = 3
========================================================================
Received Import Request.
  Time since last request: 0.000013 seconds.
  path: Assets/Sprites/Crosshairs/crosshair064.png
  artifactKey: Guid(378b57dca968c0d46a1d23800af289e0) Importer(815301076,1909f56bfc062723c751e8b465ee728b)
Start importing Assets/Sprites/Crosshairs/crosshair064.png using Guid(378b57dca968c0d46a1d23800af289e0) Importer(815301076,1909f56bfc062723c751e8b465ee728b)  -> (artifact id: '00590252a2682f1b8ea63e3e6bf85c77') in 0.013982 seconds
Number of updated asset objects reloaded before import = 0
Number of asset objects unloaded after import = 3
========================================================================
Received Import Request.
  Time since last request: 0.000012 seconds.
  path: Assets/Sprites/Crosshairs/crosshair061.png
  artifactKey: Guid(2140892a3ee03404180d0b4eb1108081) Importer(815301076,1909f56bfc062723c751e8b465ee728b)
Start importing Assets/Sprites/Crosshairs/crosshair061.png using Guid(2140892a3ee03404180d0b4eb1108081) Importer(815301076,1909f56bfc062723c751e8b465ee728b)  -> (artifact id: '76359426c75e6b558b112a1f61222720') in 0.014602 seconds
Number of updated asset objects reloaded before import = 0
Number of asset objects unloaded after import = 3
========================================================================
Received Import Request.
  Time since last request: 0.000014 seconds.
  path: Assets/Sprites/Crosshairs/crosshair054.png
  artifactKey: Guid(9372d9c6670c8ec41a60051a82990ebc) Importer(815301076,1909f56bfc062723c751e8b465ee728b)
Start importing Assets/Sprites/Crosshairs/crosshair054.png using Guid(9372d9c6670c8ec41a60051a82990ebc) Importer(815301076,1909f56bfc062723c751e8b465ee728b)  -> (artifact id: '23483d0024985e946dc379f41b4f44b7') in 0.013957 seconds
Number of updated asset objects reloaded before import = 0
Number of asset objects unloaded after import = 3
========================================================================
Received Import Request.
  Time since last request: 0.000013 seconds.
  path: Assets/Sprites/Crosshairs/crosshair050.png
  artifactKey: Guid(456fbcba5cb2eef45978d2cb3a8a221b) Importer(815301076,1909f56bfc062723c751e8b465ee728b)
Start importing Assets/Sprites/Crosshairs/crosshair050.png using Guid(456fbcba5cb2eef45978d2cb3a8a221b) Importer(815301076,1909f56bfc062723c751e8b465ee728b)  -> (artifact id: '46a24fa65f7643d0342b0a2f7608c93b') in 0.014290 seconds
Number of updated asset objects reloaded before import = 0
Number of asset objects unloaded after import = 3
========================================================================
Received Import Request.
  Time since last request: 0.221257 seconds.
  path: Assets/Sprites/Crosshairs/crosshair065.png
  artifactKey: Guid(da0fc7c3325e41b41a8e5c47d23fe37b) Importer(815301076,1909f56bfc062723c751e8b465ee728b)
Start importing Assets/Sprites/Crosshairs/crosshair065.png using Guid(da0fc7c3325e41b41a8e5c47d23fe37b) Importer(815301076,1909f56bfc062723c751e8b465ee728b)  -> (artifact id: '91922b0feaf4a8a513cea9ad9f39e69c') in 0.014478 seconds
Number of updated asset objects reloaded before import = 0
Number of asset objects unloaded after import = 3
========================================================================
Received Import Request.
  Time since last request: 0.000014 seconds.
  path: Assets/Sprites/Crosshairs/crosshair068.png
  artifactKey: Guid(71177b80bc3535245aaf42769b42ce12) Importer(815301076,1909f56bfc062723c751e8b465ee728b)
Start importing Assets/Sprites/Crosshairs/crosshair068.png using Guid(71177b80bc3535245aaf42769b42ce12) Importer(815301076,1909f56bfc062723c751e8b465ee728b)  -> (artifact id: 'f4c93f400041ad7b108cb19d6a43333d') in 0.015616 seconds
Number of updated asset objects reloaded before import = 0
Number of asset objects unloaded after import = 3
========================================================================
Received Import Request.
  Time since last request: 0.000011 seconds.
  path: Assets/Sprites/Crosshairs/crosshair070.png
  artifactKey: Guid(03c9f83850b96324e819b61f59240753) Importer(815301076,1909f56bfc062723c751e8b465ee728b)
Start importing Assets/Sprites/Crosshairs/crosshair070.png using Guid(03c9f83850b96324e819b61f59240753) Importer(815301076,1909f56bfc062723c751e8b465ee728b)  -> (artifact id: '242629b14ffd580303183fc06b4fa4be') in 0.014089 seconds
Number of updated asset objects reloaded before import = 0
Number of asset objects unloaded after import = 3
========================================================================
Received Import Request.
  Time since last request: 0.005522 seconds.
  path: Assets/Sprites/Crosshairs/crosshair074.png
  artifactKey: Guid(99586c7e3f392634ba4a4290419e12f1) Importer(815301076,1909f56bfc062723c751e8b465ee728b)
Start importing Assets/Sprites/Crosshairs/crosshair074.png using Guid(99586c7e3f392634ba4a4290419e12f1) Importer(815301076,1909f56bfc062723c751e8b465ee728b)  -> (artifact id: '6aac0cbc6172d623e43a6bb977870d1e') in 0.013968 seconds
Number of updated asset objects reloaded before import = 0
Number of asset objects unloaded after import = 3
========================================================================
Received Import Request.
  Time since last request: 0.000016 seconds.
  path: Assets/Sprites/Crosshairs/crosshair081.png
  artifactKey: Guid(d06bedbe9b86eba4b9473bac5b5e33bc) Importer(815301076,1909f56bfc062723c751e8b465ee728b)
Start importing Assets/Sprites/Crosshairs/crosshair081.png using Guid(d06bedbe9b86eba4b9473bac5b5e33bc) Importer(815301076,1909f56bfc062723c751e8b465ee728b)  -> (artifact id: 'ad4ae88302032f242b57b11187625dd1') in 0.014416 seconds
Number of updated asset objects reloaded before import = 0
Number of asset objects unloaded after import = 3
========================================================================
Received Import Request.
  Time since last request: 0.000015 seconds.
  path: Assets/Sprites/Crosshairs/crosshair088.png
  artifactKey: Guid(030eaf2394e57cf43a912e5ed47bf939) Importer(815301076,1909f56bfc062723c751e8b465ee728b)
Start importing Assets/Sprites/Crosshairs/crosshair088.png using Guid(030eaf2394e57cf43a912e5ed47bf939) Importer(815301076,1909f56bfc062723c751e8b465ee728b)  -> (artifact id: 'a6e92e72f4a9e5c4a4eeb54cd3a5e19e') in 0.015384 seconds
Number of updated asset objects reloaded before import = 0
Number of asset objects unloaded after import = 3
========================================================================
Received Import Request.
  Time since last request: 0.000012 seconds.
  path: Assets/Sprites/Crosshairs/crosshair087.png
  artifactKey: Guid(0acfd94fa4c7d234ca2ee7508852eada) Importer(815301076,1909f56bfc062723c751e8b465ee728b)
Start importing Assets/Sprites/Crosshairs/crosshair087.png using Guid(0acfd94fa4c7d234ca2ee7508852eada) Importer(815301076,1909f56bfc062723c751e8b465ee728b)  -> (artifact id: 'c52978098ac57bdafe1f4fd713ac1e56') in 0.015127 seconds
Number of updated asset objects reloaded before import = 0
Number of asset objects unloaded after import = 3
========================================================================
Received Import Request.
  Time since last request: 0.000016 seconds.
  path: Assets/Sprites/Crosshairs/crosshair082.png
  artifactKey: Guid(99db1c65bdadcd44c968ac3eb503f0a6) Importer(815301076,1909f56bfc062723c751e8b465ee728b)
Start importing Assets/Sprites/Crosshairs/crosshair082.png using Guid(99db1c65bdadcd44c968ac3eb503f0a6) Importer(815301076,1909f56bfc062723c751e8b465ee728b)  -> (artifact id: '93e930dcea043e0863a5ca3fbc56b56d') in 0.014155 seconds
Number of updated asset objects reloaded before import = 0
Number of asset objects unloaded after import = 3
========================================================================
Received Import Request.
  Time since last request: 0.000026 seconds.
  path: Assets/Sprites/Crosshairs/crosshair094.png
  artifactKey: Guid(e1e48a6282bb0694e85ff66ea3824e4a) Importer(815301076,1909f56bfc062723c751e8b465ee728b)
Start importing Assets/Sprites/Crosshairs/crosshair094.png using Guid(e1e48a6282bb0694e85ff66ea3824e4a) Importer(815301076,1909f56bfc062723c751e8b465ee728b)  -> (artifact id: 'c4e8f58ba14530afc4a94253d53ddf4b') in 0.013905 seconds
Number of updated asset objects reloaded before import = 0
Number of asset objects unloaded after import = 3
========================================================================
Received Import Request.
  Time since last request: 0.000012 seconds.
  path: Assets/Sprites/Crosshairs/crosshair100.png
  artifactKey: Guid(2897cbf28b9133f4db6c4c3a8f8de4f8) Importer(815301076,1909f56bfc062723c751e8b465ee728b)
Start importing Assets/Sprites/Crosshairs/crosshair100.png using Guid(2897cbf28b9133f4db6c4c3a8f8de4f8) Importer(815301076,1909f56bfc062723c751e8b465ee728b)  -> (artifact id: 'f3859840317ac1181cf29ae215e540ce') in 0.014930 seconds
Number of updated asset objects reloaded before import = 0
Number of asset objects unloaded after import = 3
========================================================================
Received Import Request.
  Time since last request: 0.000013 seconds.
  path: Assets/Sprites/Crosshairs/crosshair083.png
  artifactKey: Guid(034daa7961060614a8f0ddbaa5eba04c) Importer(815301076,1909f56bfc062723c751e8b465ee728b)
Start importing Assets/Sprites/Crosshairs/crosshair083.png using Guid(034daa7961060614a8f0ddbaa5eba04c) Importer(815301076,1909f56bfc062723c751e8b465ee728b)  -> (artifact id: '88716d11ae381f6fc0a6713d30fcc402') in 0.014508 seconds
Number of updated asset objects reloaded before import = 0
Number of asset objects unloaded after import = 3
========================================================================
Received Import Request.
  Time since last request: 0.000016 seconds.
  path: Assets/Sprites/Crosshairs/crosshair109.png
  artifactKey: Guid(e7df139564f91484d86f40de70fbce67) Importer(815301076,1909f56bfc062723c751e8b465ee728b)
Start importing Assets/Sprites/Crosshairs/crosshair109.png using Guid(e7df139564f91484d86f40de70fbce67) Importer(815301076,1909f56bfc062723c751e8b465ee728b)  -> (artifact id: 'ddc9e5b21a23bb80f3a7d9bb92597c4b') in 0.013919 seconds
Number of updated asset objects reloaded before import = 0
Number of asset objects unloaded after import = 3
========================================================================
Received Import Request.
  Time since last request: 0.000012 seconds.
  path: Assets/Sprites/Crosshairs/crosshair103.png
  artifactKey: Guid(b0a7670d6c63a904bad334363159dfb6) Importer(815301076,1909f56bfc062723c751e8b465ee728b)
Start importing Assets/Sprites/Crosshairs/crosshair103.png using Guid(b0a7670d6c63a904bad334363159dfb6) Importer(815301076,1909f56bfc062723c751e8b465ee728b)  -> (artifact id: '395e35e59abc9229a2b7037d4ab06d8a') in 0.014785 seconds
Number of updated asset objects reloaded before import = 0
Number of asset objects unloaded after import = 3
========================================================================
Received Import Request.
  Time since last request: 0.000013 seconds.
  path: Assets/Sprites/Crosshairs/crosshair108.png
  artifactKey: Guid(60e0cd2d828902b4cb3583fe1b96378f) Importer(815301076,1909f56bfc062723c751e8b465ee728b)
Start importing Assets/Sprites/Crosshairs/crosshair108.png using Guid(60e0cd2d828902b4cb3583fe1b96378f) Importer(815301076,1909f56bfc062723c751e8b465ee728b)  -> (artifact id: '42a471722b3865d2d534cdb1687340b0') in 0.014091 seconds
Number of updated asset objects reloaded before import = 0
Number of asset objects unloaded after import = 3
========================================================================
Received Import Request.
  Time since last request: 0.000014 seconds.
  path: Assets/Sprites/Crosshairs/crosshair078.png
  artifactKey: Guid(e00be10676e0aba43a1bc004b1043487) Importer(815301076,1909f56bfc062723c751e8b465ee728b)
Start importing Assets/Sprites/Crosshairs/crosshair078.png using Guid(e00be10676e0aba43a1bc004b1043487) Importer(815301076,1909f56bfc062723c751e8b465ee728b)  -> (artifact id: 'b8106d81279e46d9bb0a913232ecd316') in 0.014490 seconds
Number of updated asset objects reloaded before import = 0
Number of asset objects unloaded after import = 3
========================================================================
Received Import Request.
  Time since last request: 0.344972 seconds.
  path: Assets/Sprites/Crosshairs/crosshair110.png
  artifactKey: Guid(c783ea60534aa7641970631b7fae70bc) Importer(815301076,1909f56bfc062723c751e8b465ee728b)
Start importing Assets/Sprites/Crosshairs/crosshair110.png using Guid(c783ea60534aa7641970631b7fae70bc) Importer(815301076,1909f56bfc062723c751e8b465ee728b)  -> (artifact id: 'ce8385d370ef3574b6aa1dff390c68a5') in 0.016307 seconds
Number of updated asset objects reloaded before import = 0
Number of asset objects unloaded after import = 3
========================================================================
Received Import Request.
  Time since last request: 0.000017 seconds.
  path: Assets/Sprites/Crosshairs/crosshair116.png
  artifactKey: Guid(f8af600137bdc194588d3b8376d5a146) Importer(815301076,1909f56bfc062723c751e8b465ee728b)
Start importing Assets/Sprites/Crosshairs/crosshair116.png using Guid(f8af600137bdc194588d3b8376d5a146) Importer(815301076,1909f56bfc062723c751e8b465ee728b)  -> (artifact id: '94fe8843c4e9bae31d6067867d3388b3') in 0.016850 seconds
Number of updated asset objects reloaded before import = 0
Number of asset objects unloaded after import = 3
========================================================================
Received Import Request.
  Time since last request: 0.000013 seconds.
  path: Assets/Sprites/Crosshairs/crosshair115.png
  artifactKey: Guid(47b0b14dc96a9d243816a883566a815c) Importer(815301076,1909f56bfc062723c751e8b465ee728b)
Start importing Assets/Sprites/Crosshairs/crosshair115.png using Guid(47b0b14dc96a9d243816a883566a815c) Importer(815301076,1909f56bfc062723c751e8b465ee728b)  -> (artifact id: '694c326e4191493b67ef2d4157520b39') in 0.016413 seconds
Number of updated asset objects reloaded before import = 0
Number of asset objects unloaded after import = 3
========================================================================
Received Import Request.
  Time since last request: 0.000068 seconds.
  path: Assets/Sprites/Crosshairs/crosshair122.png
  artifactKey: Guid(e61c41cd687c7c549be6858884fca077) Importer(815301076,1909f56bfc062723c751e8b465ee728b)
Start importing Assets/Sprites/Crosshairs/crosshair122.png using Guid(e61c41cd687c7c549be6858884fca077) Importer(815301076,1909f56bfc062723c751e8b465ee728b)  -> (artifact id: '880e5b6cb21846145d0b4963a1bd4bc7') in 0.018007 seconds
Number of updated asset objects reloaded before import = 0
Number of asset objects unloaded after import = 3
========================================================================
Received Import Request.
  Time since last request: 0.000012 seconds.
  path: Assets/Sprites/Crosshairs/crosshair135.png
  artifactKey: Guid(d18b518748f464b4ca7079f2210786da) Importer(815301076,1909f56bfc062723c751e8b465ee728b)
Start importing Assets/Sprites/Crosshairs/crosshair135.png using Guid(d18b518748f464b4ca7079f2210786da) Importer(815301076,1909f56bfc062723c751e8b465ee728b)  -> (artifact id: 'c3c77030d9f03029190f00f3fbe22970') in 0.015865 seconds
Number of updated asset objects reloaded before import = 0
Number of asset objects unloaded after import = 3
========================================================================
Received Import Request.
  Time since last request: 0.000023 seconds.
  path: Assets/Sprites/Crosshairs/crosshair121.png
  artifactKey: Guid(1cc8acee3f415824d96cc9410203bfe2) Importer(815301076,1909f56bfc062723c751e8b465ee728b)
Start importing Assets/Sprites/Crosshairs/crosshair121.png using Guid(1cc8acee3f415824d96cc9410203bfe2) Importer(815301076,1909f56bfc062723c751e8b465ee728b)  -> (artifact id: 'f93d8324cd61b3cd2719518cf6422495') in 0.016367 seconds
Number of updated asset objects reloaded before import = 0
Number of asset objects unloaded after import = 3
========================================================================
Received Import Request.
  Time since last request: 0.000015 seconds.
  path: Assets/Sprites/Crosshairs/crosshair131.png
  artifactKey: Guid(2b224033137ec9141bc1bbff37255c77) Importer(815301076,1909f56bfc062723c751e8b465ee728b)
Start importing Assets/Sprites/Crosshairs/crosshair131.png using Guid(2b224033137ec9141bc1bbff37255c77) Importer(815301076,1909f56bfc062723c751e8b465ee728b)  -> (artifact id: 'bf0babf507e8b4cf894e22a6e462b744') in 0.017480 seconds
Number of updated asset objects reloaded before import = 0
Number of asset objects unloaded after import = 3
========================================================================
Received Import Request.
  Time since last request: 0.000015 seconds.
  path: Assets/Sprites/Crosshairs/crosshair128.png
  artifactKey: Guid(099f584b90850e444a368795dfa2c803) Importer(815301076,1909f56bfc062723c751e8b465ee728b)
Start importing Assets/Sprites/Crosshairs/crosshair128.png using Guid(099f584b90850e444a368795dfa2c803) Importer(815301076,1909f56bfc062723c751e8b465ee728b)  -> (artifact id: '5b7a27b3a033f3954ac4bac827602bed') in 0.015691 seconds
Number of updated asset objects reloaded before import = 0
Number of asset objects unloaded after import = 3
========================================================================
Received Import Request.
  Time since last request: 0.000017 seconds.
  path: Assets/Sprites/Crosshairs/crosshair132.png
  artifactKey: Guid(b0748ea71ecf0eb4ca4ac10631b40780) Importer(815301076,1909f56bfc062723c751e8b465ee728b)
Start importing Assets/Sprites/Crosshairs/crosshair132.png using Guid(b0748ea71ecf0eb4ca4ac10631b40780) Importer(815301076,1909f56bfc062723c751e8b465ee728b)  -> (artifact id: 'efc8f411f5174d73e8f77594379b4507') in 0.015809 seconds
Number of updated asset objects reloaded before import = 0
Number of asset objects unloaded after import = 3
========================================================================
Received Import Request.
  Time since last request: 0.298337 seconds.
  path: Assets/Sprites/Crosshairs/crosshair137.png
  artifactKey: Guid(e17ca2bcaebf5a9418a7d9dba8fe3d40) Importer(815301076,1909f56bfc062723c751e8b465ee728b)
Start importing Assets/Sprites/Crosshairs/crosshair137.png using Guid(e17ca2bcaebf5a9418a7d9dba8fe3d40) Importer(815301076,1909f56bfc062723c751e8b465ee728b)  -> (artifact id: 'f6f5cab53046137e685cf695fcce5bdd') in 0.015015 seconds
Number of updated asset objects reloaded before import = 0
Number of asset objects unloaded after import = 3
========================================================================
Received Import Request.
  Time since last request: 0.000014 seconds.
  path: Assets/Sprites/Crosshairs/crosshair140.png
  artifactKey: Guid(4785e8a4bfb85e04dad3cecb23f8c12d) Importer(815301076,1909f56bfc062723c751e8b465ee728b)
Start importing Assets/Sprites/Crosshairs/crosshair140.png using Guid(4785e8a4bfb85e04dad3cecb23f8c12d) Importer(815301076,1909f56bfc062723c751e8b465ee728b)  -> (artifact id: 'ba4db4009a3be8f906e4c71f442c79ba') in 0.015660 seconds
Number of updated asset objects reloaded before import = 0
Number of asset objects unloaded after import = 3
========================================================================
Received Import Request.
  Time since last request: 0.000014 seconds.
  path: Assets/Sprites/Crosshairs/crosshair141.png
  artifactKey: Guid(c531e3731e6d32a4d89c196547017946) Importer(815301076,1909f56bfc062723c751e8b465ee728b)
Start importing Assets/Sprites/Crosshairs/crosshair141.png using Guid(c531e3731e6d32a4d89c196547017946) Importer(815301076,1909f56bfc062723c751e8b465ee728b)  -> (artifact id: 'aba9a838c0c3e4193fc42c04c5c70e2f') in 0.015394 seconds
Number of updated asset objects reloaded before import = 0
Number of asset objects unloaded after import = 3
========================================================================
Received Import Request.
  Time since last request: 0.000480 seconds.
  path: Assets/Sprites/Crosshairs/crosshair146.png
  artifactKey: Guid(478369577e58ca74aae3fbfcf4fc0073) Importer(815301076,1909f56bfc062723c751e8b465ee728b)
Start importing Assets/Sprites/Crosshairs/crosshair146.png using Guid(478369577e58ca74aae3fbfcf4fc0073) Importer(815301076,1909f56bfc062723c751e8b465ee728b)  -> (artifact id: '62511c38e6388dc782aea7928e00b800') in 0.015380 seconds
Number of updated asset objects reloaded before import = 0
Number of asset objects unloaded after import = 3
========================================================================
Received Import Request.
  Time since last request: 0.000013 seconds.
  path: Assets/Sprites/Crosshairs/crosshair154.png
  artifactKey: Guid(14a86152530cc8040a06a69d8dfd2173) Importer(815301076,1909f56bfc062723c751e8b465ee728b)
Start importing Assets/Sprites/Crosshairs/crosshair154.png using Guid(14a86152530cc8040a06a69d8dfd2173) Importer(815301076,1909f56bfc062723c751e8b465ee728b)  -> (artifact id: 'd75afee5471640106bf5f0d0fe4510b7') in 0.015411 seconds
Number of updated asset objects reloaded before import = 0
Number of asset objects unloaded after import = 3
========================================================================
Received Import Request.
  Time since last request: 0.000015 seconds.
  path: Assets/Sprites/Crosshairs/crosshair149.png
  artifactKey: Guid(a75fefd871aaff0409edc4bf1c18a445) Importer(815301076,1909f56bfc062723c751e8b465ee728b)
Start importing Assets/Sprites/Crosshairs/crosshair149.png using Guid(a75fefd871aaff0409edc4bf1c18a445) Importer(815301076,1909f56bfc062723c751e8b465ee728b)  -> (artifact id: '3888fbd0327966504dfc926cfa86f667') in 0.016875 seconds
Number of updated asset objects reloaded before import = 0
Number of asset objects unloaded after import = 3
========================================================================
Received Import Request.
  Time since last request: 0.011917 seconds.
  path: Assets/Sprites/Crosshairs/crosshair155.png
  artifactKey: Guid(3120e89a8a279d14a8b2d26fbae84785) Importer(815301076,1909f56bfc062723c751e8b465ee728b)
Start importing Assets/Sprites/Crosshairs/crosshair155.png using Guid(3120e89a8a279d14a8b2d26fbae84785) Importer(815301076,1909f56bfc062723c751e8b465ee728b)  -> (artifact id: '05429c93e7bcd7f5b3d5dffdb8e434f1') in 0.014832 seconds
Number of updated asset objects reloaded before import = 0
Number of asset objects unloaded after import = 3
========================================================================
Received Import Request.
  Time since last request: 0.000017 seconds.
  path: Assets/Sprites/Crosshairs/crosshair161.png
  artifactKey: Guid(857027d13b7610449a516a14befa891d) Importer(815301076,1909f56bfc062723c751e8b465ee728b)
Start importing Assets/Sprites/Crosshairs/crosshair161.png using Guid(857027d13b7610449a516a14befa891d) Importer(815301076,1909f56bfc062723c751e8b465ee728b)  -> (artifact id: 'bd60290efa01a0585b9af4ab09152656') in 0.017211 seconds
Number of updated asset objects reloaded before import = 0
Number of asset objects unloaded after import = 3
========================================================================
Received Import Request.
  Time since last request: 0.000020 seconds.
  path: Assets/Sprites/Crosshairs/crosshair163.png
  artifactKey: Guid(f9ab1714090807d40ab0acaedf869daf) Importer(815301076,1909f56bfc062723c751e8b465ee728b)
Start importing Assets/Sprites/Crosshairs/crosshair163.png using Guid(f9ab1714090807d40ab0acaedf869daf) Importer(815301076,1909f56bfc062723c751e8b465ee728b)  -> (artifact id: 'e8cf3e97e32b72974c885967bdac248b') in 0.015041 seconds
Number of updated asset objects reloaded before import = 0
Number of asset objects unloaded after import = 3
========================================================================
Received Import Request.
  Time since last request: 0.000015 seconds.
  path: Assets/Sprites/Crosshairs/crosshair169.png
  artifactKey: Guid(bb928f1afcae3064f8397fb98dd9954a) Importer(815301076,1909f56bfc062723c751e8b465ee728b)
Start importing Assets/Sprites/Crosshairs/crosshair169.png using Guid(bb928f1afcae3064f8397fb98dd9954a) Importer(815301076,1909f56bfc062723c751e8b465ee728b)  -> (artifact id: 'ce333c939f8dbe3ddd015662059a436f') in 0.016203 seconds
Number of updated asset objects reloaded before import = 0
Number of asset objects unloaded after import = 3
========================================================================
Received Import Request.
  Time since last request: 0.000037 seconds.
  path: Assets/Sprites/Crosshairs/crosshair171.png
  artifactKey: Guid(f9878090ec3ec1142a626579aaad6a27) Importer(815301076,1909f56bfc062723c751e8b465ee728b)
Start importing Assets/Sprites/Crosshairs/crosshair171.png using Guid(f9878090ec3ec1142a626579aaad6a27) Importer(815301076,1909f56bfc062723c751e8b465ee728b)  -> (artifact id: 'c60b47afe59d0322c53fccf1e29c20bf') in 0.022170 seconds
Number of updated asset objects reloaded before import = 0
Number of asset objects unloaded after import = 3
========================================================================
Received Import Request.
  Time since last request: 0.000015 seconds.
  path: Assets/Sprites/Crosshairs/crosshair167.png
  artifactKey: Guid(9ef8ce8e598e8b84a8a7c9e2fd6bfc8e) Importer(815301076,1909f56bfc062723c751e8b465ee728b)
Start importing Assets/Sprites/Crosshairs/crosshair167.png using Guid(9ef8ce8e598e8b84a8a7c9e2fd6bfc8e) Importer(815301076,1909f56bfc062723c751e8b465ee728b)  -> (artifact id: 'cb7299130f0683ade23bbde8c2d19b19') in 0.024243 seconds
Number of updated asset objects reloaded before import = 0
Number of asset objects unloaded after import = 3
========================================================================
Received Import Request.
  Time since last request: 0.371397 seconds.
  path: Assets/Sprites/Crosshairs/crosshair173.png
  artifactKey: Guid(6cc51e2a2c5f53c47aba0e946f9dfa26) Importer(815301076,1909f56bfc062723c751e8b465ee728b)
Start importing Assets/Sprites/Crosshairs/crosshair173.png using Guid(6cc51e2a2c5f53c47aba0e946f9dfa26) Importer(815301076,1909f56bfc062723c751e8b465ee728b)  -> (artifact id: '54c8337f08b5826e27cb1fccb91414eb') in 0.015681 seconds
Number of updated asset objects reloaded before import = 0
Number of asset objects unloaded after import = 3
========================================================================
Received Import Request.
  Time since last request: 0.000012 seconds.
  path: Assets/Sprites/Crosshairs/crosshair181.png
  artifactKey: Guid(8e61096f209d7824d8429ba7b950b307) Importer(815301076,1909f56bfc062723c751e8b465ee728b)
Start importing Assets/Sprites/Crosshairs/crosshair181.png using Guid(8e61096f209d7824d8429ba7b950b307) Importer(815301076,1909f56bfc062723c751e8b465ee728b)  -> (artifact id: 'b776e2c408ce69d66c6b62bd180d3b2d') in 0.016465 seconds
Number of updated asset objects reloaded before import = 0
Number of asset objects unloaded after import = 3
========================================================================
Received Import Request.
  Time since last request: 0.000012 seconds.
  path: Assets/Sprites/Crosshairs/crosshair180.png
  artifactKey: Guid(39b1e371f79ce5d49b70716ace7a0ad4) Importer(815301076,1909f56bfc062723c751e8b465ee728b)
Start importing Assets/Sprites/Crosshairs/crosshair180.png using Guid(39b1e371f79ce5d49b70716ace7a0ad4) Importer(815301076,1909f56bfc062723c751e8b465ee728b)  -> (artifact id: '070e5222aea1e6a7e850a50196744547') in 0.013844 seconds
Number of updated asset objects reloaded before import = 0
Number of asset objects unloaded after import = 3
========================================================================
Received Import Request.
  Time since last request: 0.000015 seconds.
  path: Assets/Sprites/Crosshairs/crosshair188.png
  artifactKey: Guid(994cc25976259874d89356937d6c284b) Importer(815301076,1909f56bfc062723c751e8b465ee728b)
Start importing Assets/Sprites/Crosshairs/crosshair188.png using Guid(994cc25976259874d89356937d6c284b) Importer(815301076,1909f56bfc062723c751e8b465ee728b)  -> (artifact id: '9aef3dff49a1e3b049ee994da3b8db7e') in 0.015306 seconds
Number of updated asset objects reloaded before import = 0
Number of asset objects unloaded after import = 3
========================================================================
Received Import Request.
  Time since last request: 0.000019 seconds.
  path: Assets/Sprites/Crosshairs/crosshair182.png
  artifactKey: Guid(d608c1056d0e0884b823f6c62d3316f8) Importer(815301076,1909f56bfc062723c751e8b465ee728b)
Start importing Assets/Sprites/Crosshairs/crosshair182.png using Guid(d608c1056d0e0884b823f6c62d3316f8) Importer(815301076,1909f56bfc062723c751e8b465ee728b)  -> (artifact id: 'fcb04262f423049788deedaddb45fee5') in 0.014024 seconds
Number of updated asset objects reloaded before import = 0
Number of asset objects unloaded after import = 3
========================================================================
Received Import Request.
  Time since last request: 0.000016 seconds.
  path: Assets/Sprites/Crosshairs/crosshair189.png
  artifactKey: Guid(d3d9331af6ef5c14eb03d468a911e38a) Importer(815301076,1909f56bfc062723c751e8b465ee728b)
Start importing Assets/Sprites/Crosshairs/crosshair189.png using Guid(d3d9331af6ef5c14eb03d468a911e38a) Importer(815301076,1909f56bfc062723c751e8b465ee728b)  -> (artifact id: 'c888d28a98818dc12001eef07d4f7889') in 0.014250 seconds
Number of updated asset objects reloaded before import = 0
Number of asset objects unloaded after import = 3
========================================================================
Received Import Request.
  Time since last request: 0.000012 seconds.
  path: Assets/Sprites/Crosshairs/crosshair196.png
  artifactKey: Guid(792791cb58158544883883a469af0680) Importer(815301076,1909f56bfc062723c751e8b465ee728b)
Start importing Assets/Sprites/Crosshairs/crosshair196.png using Guid(792791cb58158544883883a469af0680) Importer(815301076,1909f56bfc062723c751e8b465ee728b)  -> (artifact id: '14d547e55ca618e796dec1c5229354c7') in 0.014247 seconds
Number of updated asset objects reloaded before import = 0
Number of asset objects unloaded after import = 3
========================================================================
Received Import Request.
  Time since last request: 0.000012 seconds.
  path: Assets/Sprites/Crosshairs/crosshair200.png
  artifactKey: Guid(0d497065e14cde349ba874b9c898d1c0) Importer(815301076,1909f56bfc062723c751e8b465ee728b)
Start importing Assets/Sprites/Crosshairs/crosshair200.png using Guid(0d497065e14cde349ba874b9c898d1c0) Importer(815301076,1909f56bfc062723c751e8b465ee728b)  -> (artifact id: '4abb2a96aedef0632bcc295c210e35ed') in 0.014644 seconds
Number of updated asset objects reloaded before import = 0
Number of asset objects unloaded after import = 3
========================================================================
Received Import Request.
  Time since last request: 0.000046 seconds.
  path: Assets/Sprites/Crosshairs/crosshair194.png
  artifactKey: Guid(cb3186684de2d2446ae693805ad0439f) Importer(815301076,1909f56bfc062723c751e8b465ee728b)
Start importing Assets/Sprites/Crosshairs/crosshair194.png using Guid(cb3186684de2d2446ae693805ad0439f) Importer(815301076,1909f56bfc062723c751e8b465ee728b)  -> (artifact id: '65fc54a18bb2321ea2fad179af43d1b1') in 0.014226 seconds
Number of updated asset objects reloaded before import = 0
Number of asset objects unloaded after import = 3
========================================================================
Received Import Request.
  Time since last request: 30.139454 seconds.
  path: Assets/Sprites/PlayerRifle.png
  artifactKey: Guid(8c2a47543bc1b214fa9d86524415e7e9) Importer(815301076,1909f56bfc062723c751e8b465ee728b)
Start importing Assets/Sprites/PlayerRifle.png using Guid(8c2a47543bc1b214fa9d86524415e7e9) Importer(815301076,1909f56bfc062723c751e8b465ee728b)  -> (artifact id: 'a3b3a6489158084daa49f2e3a6e95f84') in 0.016872 seconds
Number of updated asset objects reloaded before import = 0
Number of asset objects unloaded after import = 3
========================================================================
Received Import Request.
  Time since last request: 5.543601 seconds.
  path: Assets/Sprites/PlayerProfile 1.png
  artifactKey: Guid(aab65ed00f9b9444a95dabf9357d88d6) Importer(815301076,1909f56bfc062723c751e8b465ee728b)
Start importing Assets/Sprites/PlayerProfile 1.png using Guid(aab65ed00f9b9444a95dabf9357d88d6) Importer(815301076,1909f56bfc062723c751e8b465ee728b)  -> (artifact id: '3a5806caa412c71db27625be6f0b4893') in 0.010370 seconds
Number of updated asset objects reloaded before import = 0
Number of asset objects unloaded after import = 2
========================================================================
Received Import Request.
  Time since last request: 47.883744 seconds.
  path: Assets/Sprites/MainMenu.jpg
  artifactKey: Guid(7bc41569a81bac945a21dbae76e41147) Importer(815301076,1909f56bfc062723c751e8b465ee728b)
Start importing Assets/Sprites/MainMenu.jpg using Guid(7bc41569a81bac945a21dbae76e41147) Importer(815301076,1909f56bfc062723c751e8b465ee728b)  -> (artifact id: '888f41eeea29e52df2a03436729f10bd') in 0.035206 seconds
Number of updated asset objects reloaded before import = 0
Number of asset objects unloaded after import = 3
========================================================================
Received Import Request.
  Time since last request: 21.502419 seconds.
  path: Assets/Sprites/PlayerProfile.png
  artifactKey: Guid(905fc7490636306409cbb6da51f74f89) Importer(815301076,1909f56bfc062723c751e8b465ee728b)
Start importing Assets/Sprites/PlayerProfile.png using Guid(905fc7490636306409cbb6da51f74f89) Importer(815301076,1909f56bfc062723c751e8b465ee728b)  -> (artifact id: '9ffd9054b8a20c2b440202f48cfbde23') in 0.009446 seconds
Number of updated asset objects reloaded before import = 0
Number of asset objects unloaded after import = 2
========================================================================
Received Import Request.
  Time since last request: 0.023459 seconds.
  path: Assets/Sprites/MainMenu.jpg
  artifactKey: Guid(7bc41569a81bac945a21dbae76e41147) Importer(815301076,1909f56bfc062723c751e8b465ee728b)
Start importing Assets/Sprites/MainMenu.jpg using Guid(7bc41569a81bac945a21dbae76e41147) Importer(815301076,1909f56bfc062723c751e8b465ee728b)  -> (artifact id: 'a3d122962ac7ec161819df584d56a0d0') in 0.013880 seconds
Number of updated asset objects reloaded before import = 0
Number of asset objects unloaded after import = 2
